c:\users\irich\documents\sdi\sdi-project\debug\vc142.pdb
c:\users\irich\documents\sdi\sdi-project\debug\.netframework,version=v4.7.2.assemblyattributes.obj
c:\users\irich\documents\sdi\sdi-project\debug\sortandsearch.obj
c:\users\irich\documents\sdi\sdi-project\debug\resizeannotation.obj
c:\users\irich\documents\sdi\sdi-project\debug\positioncalculation.obj
c:\users\irich\documents\sdi\sdi-project\debug\mainwindow.obj
c:\users\irich\documents\sdi\sdi-project\debug\main.obj
c:\users\irich\documents\sdi\sdi-project\debug\jsonparsing.obj
c:\users\irich\documents\sdi\sdi-project\build\sdi-project.exe
c:\users\irich\documents\sdi\sdi-project\build\sdi-project.pdb
c:\users\irich\documents\sdi\sdi-project\debug\sdiproject.src.mainwindow.resources
c:\users\irich\documents\sdi\sdi-project\.\build\sdi-project.exe
c:\users\irich\documents\sdi\sdi-project\debug\sdi-project.tlog\cl.command.1.tlog
c:\users\irich\documents\sdi\sdi-project\debug\sdi-project.tlog\cl.read.1.tlog
c:\users\irich\documents\sdi\sdi-project\debug\sdi-project.tlog\cl.write.1.tlog
c:\users\irich\documents\sdi\sdi-project\debug\sdi-project.tlog\link.command.1.tlog
c:\users\irich\documents\sdi\sdi-project\debug\sdi-project.tlog\link.read.1.tlog
c:\users\irich\documents\sdi\sdi-project\debug\sdi-project.tlog\link.write.1.tlog
c:\users\irich\documents\sdi\sdi-project\debug\sdi-project.tlog\metagen.read.1.tlog
c:\users\irich\documents\sdi\sdi-project\debug\sdi-project.tlog\metagen.write.1.tlog
c:\users\irich\documents\sdi\sdi-project\debug\sdi-project.tlog\sdi-project.write.1u.tlog
